C:\Program Files (x86)\Microsoft Visual Studio\2019\Community\MSBuild\Microsoft\VC\v160\Microsoft.CppBuild.targets(477,5): warning MSB8004: Output 디렉터리가 슬래시로 끝나지 않습니다. Output 디렉터리의 적절한 평가를 허용하는 데 필요하므로 이 빌드 인스턴스에서 슬래시를 추가합니다.
  Monster.cpp
C:\Users\sonjw\Desktop\기말프로젝트\SAVESAVE\Include\Type.h(36,15): warning C4244: '=': 'LONG'에서 'float'(으)로 변환하면서 데이터가 손실될 수 있습니다.
C:\Users\sonjw\Desktop\기말프로젝트\SAVESAVE\Include\Type.h(37,14): warning C4244: '=': 'LONG'에서 'float'(으)로 변환하면서 데이터가 손실될 수 있습니다.
C:\Users\sonjw\Desktop\기말프로젝트\SAVESAVE\Include\Type.h(38,16): warning C4244: '=': 'LONG'에서 'float'(으)로 변환하면서 데이터가 손실될 수 있습니다.
C:\Users\sonjw\Desktop\기말프로젝트\SAVESAVE\Include\Type.h(39,17): warning C4244: '=': 'LONG'에서 'float'(으)로 변환하면서 데이터가 손실될 수 있습니다.
C:\Users\sonjw\Desktop\기말프로젝트\SAVESAVE\Include\Type.h(44,19): warning C4244: '=': 'const float'에서 'LONG'(으)로 변환하면서 데이터가 손실될 수 있습니다.
C:\Users\sonjw\Desktop\기말프로젝트\SAVESAVE\Include\Type.h(45,18): warning C4244: '=': 'const float'에서 'LONG'(으)로 변환하면서 데이터가 손실될 수 있습니다.
C:\Users\sonjw\Desktop\기말프로젝트\SAVESAVE\Include\Type.h(46,20): warning C4244: '=': 'const float'에서 'LONG'(으)로 변환하면서 데이터가 손실될 수 있습니다.
C:\Users\sonjw\Desktop\기말프로젝트\SAVESAVE\Include\Type.h(47,21): warning C4244: '=': 'const float'에서 'LONG'(으)로 변환하면서 데이터가 손실될 수 있습니다.
  MovingObject.cpp
C:\Users\sonjw\Desktop\기말프로젝트\SAVESAVE\Include\Type.h(36,15): warning C4244: '=': 'LONG'에서 'float'(으)로 변환하면서 데이터가 손실될 수 있습니다.
C:\Users\sonjw\Desktop\기말프로젝트\SAVESAVE\Include\Type.h(37,14): warning C4244: '=': 'LONG'에서 'float'(으)로 변환하면서 데이터가 손실될 수 있습니다.
C:\Users\sonjw\Desktop\기말프로젝트\SAVESAVE\Include\Type.h(38,16): warning C4244: '=': 'LONG'에서 'float'(으)로 변환하면서 데이터가 손실될 수 있습니다.
C:\Users\sonjw\Desktop\기말프로젝트\SAVESAVE\Include\Type.h(39,17): warning C4244: '=': 'LONG'에서 'float'(으)로 변환하면서 데이터가 손실될 수 있습니다.
C:\Users\sonjw\Desktop\기말프로젝트\SAVESAVE\Include\Type.h(44,19): warning C4244: '=': 'const float'에서 'LONG'(으)로 변환하면서 데이터가 손실될 수 있습니다.
C:\Users\sonjw\Desktop\기말프로젝트\SAVESAVE\Include\Type.h(45,18): warning C4244: '=': 'const float'에서 'LONG'(으)로 변환하면서 데이터가 손실될 수 있습니다.
C:\Users\sonjw\Desktop\기말프로젝트\SAVESAVE\Include\Type.h(46,20): warning C4244: '=': 'const float'에서 'LONG'(으)로 변환하면서 데이터가 손실될 수 있습니다.
C:\Users\sonjw\Desktop\기말프로젝트\SAVESAVE\Include\Type.h(47,21): warning C4244: '=': 'const float'에서 'LONG'(으)로 변환하면서 데이터가 손실될 수 있습니다.
  Scene.cpp
C:\Users\sonjw\Desktop\기말프로젝트\SAVESAVE\Include\Type.h(36,15): warning C4244: '=': 'LONG'에서 'float'(으)로 변환하면서 데이터가 손실될 수 있습니다.
C:\Users\sonjw\Desktop\기말프로젝트\SAVESAVE\Include\Type.h(37,14): warning C4244: '=': 'LONG'에서 'float'(으)로 변환하면서 데이터가 손실될 수 있습니다.
C:\Users\sonjw\Desktop\기말프로젝트\SAVESAVE\Include\Type.h(38,16): warning C4244: '=': 'LONG'에서 'float'(으)로 변환하면서 데이터가 손실될 수 있습니다.
C:\Users\sonjw\Desktop\기말프로젝트\SAVESAVE\Include\Type.h(39,17): warning C4244: '=': 'LONG'에서 'float'(으)로 변환하면서 데이터가 손실될 수 있습니다.
C:\Users\sonjw\Desktop\기말프로젝트\SAVESAVE\Include\Type.h(44,19): warning C4244: '=': 'const float'에서 'LONG'(으)로 변환하면서 데이터가 손실될 수 있습니다.
C:\Users\sonjw\Desktop\기말프로젝트\SAVESAVE\Include\Type.h(45,18): warning C4244: '=': 'const float'에서 'LONG'(으)로 변환하면서 데이터가 손실될 수 있습니다.
C:\Users\sonjw\Desktop\기말프로젝트\SAVESAVE\Include\Type.h(46,20): warning C4244: '=': 'const float'에서 'LONG'(으)로 변환하면서 데이터가 손실될 수 있습니다.
C:\Users\sonjw\Desktop\기말프로젝트\SAVESAVE\Include\Type.h(47,21): warning C4244: '=': 'const float'에서 'LONG'(으)로 변환하면서 데이터가 손실될 수 있습니다.
  코드를 생성하고 있습니다...
  SAVESAVE.vcxproj -> C:\Users\sonjw\Desktop\기말프로젝트\SAVESAVE\Debug\../Bin/Debug\SAVESAVE_Debug.exe
